<?xml version="1.0" encoding="UTF-8"?>
<testng-results ignored="0" total="1" passed="1" failed="0" skipped="0">
  <reporter-output>
  </reporter-output>
  <suite started-at="2023-03-08T11:49:29Z" name="Default suite" finished-at="2023-03-08T11:49:43Z" duration-ms="14772">
    <groups>
      <group name="cucumber">
        <method signature="TestRunner.feature(cucumber.api.testng.CucumberFeatureWrapper)[pri:0, instance:MyRunner.TestRunner@3406472c]" name="feature" class="MyRunner.TestRunner"/>
      </group> <!-- cucumber -->
    </groups>
    <test started-at="2023-03-08T11:49:29Z" name="Default test" finished-at="2023-03-08T11:49:43Z" duration-ms="14772">
      <class name="MyRunner.TestRunner">
        <test-method is-config="true" signature="setUpClass()[pri:0, instance:MyRunner.TestRunner@3406472c]" started-at="2023-03-08T11:49:29Z" name="setUpClass" finished-at="2023-03-08T11:49:29Z" duration-ms="180" status="PASS">
          <reporter-output>
          </reporter-output>
        </test-method> <!-- setUpClass -->
        <test-method signature="feature(cucumber.api.testng.CucumberFeatureWrapper)[pri:0, instance:MyRunner.TestRunner@3406472c]" started-at="2023-03-08T11:49:29Z" name="feature" description="Runs Cucumber Feature" data-provider="features" finished-at="2023-03-08T11:49:43Z" duration-ms="14498" status="PASS">
          <params>
            <param index="0">
              <value>
                <![CDATA[Borrow Amount As an customer I want to Check how much I can borrow]]>
              </value>
            </param>
          </params>
          <reporter-output>
          </reporter-output>
        </test-method> <!-- feature -->
        <test-method is-config="true" signature="tearDownClass()[pri:0, instance:MyRunner.TestRunner@3406472c]" started-at="2023-03-08T11:49:43Z" name="tearDownClass" finished-at="2023-03-08T11:49:43Z" duration-ms="17" status="PASS">
          <reporter-output>
          </reporter-output>
        </test-method> <!-- tearDownClass -->
      </class> <!-- MyRunner.TestRunner -->
    </test> <!-- Default test -->
  </suite> <!-- Default suite -->
</testng-results>
